INFO main org.semanticweb.elk.reasoner.Reasoner - ELK reasoner was created
WARN main org.semanticweb.elk.reasoner.indexing.hierarchy.IndexedObjectUnionOf - ELK does not support positive occurrences of ObjectUnionOf. Reasoning might be incomplete!
WARN main org.semanticweb.elk.reasoner.indexing.hierarchy.IndexedObjectUnionOf - ELK does not support positive occurrences of ObjectUnionOf. Reasoning might be incomplete!
WARN main org.semanticweb.elk.reasoner.indexing.hierarchy.IndexedObjectUnionOf - ELK does not support positive occurrences of ObjectUnionOf. Reasoning might be incomplete!
WARN main org.semanticweb.elk.reasoner.indexing.hierarchy.IndexedObjectUnionOf - ELK does not support positive occurrences of ObjectUnionOf. Reasoning might be incomplete!
WARN main org.semanticweb.elk.reasoner.indexing.hierarchy.IndexedObjectUnionOf - ELK does not support positive occurrences of ObjectUnionOf. Reasoning might be incomplete!
WARN main org.semanticweb.elk.reasoner.indexing.hierarchy.IndexedObjectUnionOf - ELK does not support positive occurrences of ObjectUnionOf. Reasoning might be incomplete!
WARN main org.semanticweb.elk.reasoner.indexing.hierarchy.IndexedObjectUnionOf - ELK does not support positive occurrences of ObjectUnionOf. Reasoning might be incomplete!
WARN main org.semanticweb.elk.reasoner.indexing.hierarchy.IndexedObjectUnionOf - ELK does not support positive occurrences of ObjectUnionOf. Reasoning might be incomplete!
WARN main org.semanticweb.elk.reasoner.indexing.hierarchy.IndexedObjectUnionOf - ELK does not support positive occurrences of ObjectUnionOf. Reasoning might be incomplete!
WARN main org.semanticweb.elk.reasoner.indexing.hierarchy.IndexedObjectUnionOf - ELK does not support positive occurrences of ObjectUnionOf. Reasoning might be incomplete!
WARN main org.semanticweb.elk.reasoner.indexing.hierarchy.IndexedObjectUnionOf - ELK does not support positive occurrences of ObjectUnionOf. Reasoning might be incomplete!
WARN main org.semanticweb.elk.reasoner.indexing.hierarchy.IndexedObjectUnionOf - ELK does not support positive occurrences of ObjectUnionOf. Reasoning might be incomplete!
WARN main org.semanticweb.elk.reasoner.indexing.hierarchy.IndexedObjectUnionOf - ELK does not support positive occurrences of ObjectUnionOf. Reasoning might be incomplete!
WARN main org.semanticweb.elk.reasoner.indexing.hierarchy.IndexedObjectUnionOf - ELK does not support positive occurrences of ObjectUnionOf. Reasoning might be incomplete!
WARN main org.semanticweb.elk.reasoner.indexing.hierarchy.IndexedObjectUnionOf - ELK does not support positive occurrences of ObjectUnionOf. Reasoning might be incomplete!
WARN main org.semanticweb.elk.reasoner.indexing.hierarchy.IndexedObjectUnionOf - ELK does not support positive occurrences of ObjectUnionOf. Reasoning might be incomplete!
WARN main org.semanticweb.elk.reasoner.indexing.hierarchy.IndexedObjectUnionOf - ELK does not support positive occurrences of ObjectUnionOf. Reasoning might be incomplete!
WARN main org.semanticweb.elk.reasoner.indexing.hierarchy.IndexedObjectUnionOf - ELK does not support positive occurrences of ObjectUnionOf. Reasoning might be incomplete!
WARN main org.semanticweb.elk.reasoner.indexing.hierarchy.IndexedObjectUnionOf - ELK does not support positive occurrences of ObjectUnionOf. Reasoning might be incomplete!
WARN main org.semanticweb.elk.reasoner.indexing.hierarchy.IndexedObjectUnionOf - ELK does not support positive occurrences of ObjectUnionOf. Reasoning might be incomplete!
WARN main org.semanticweb.elk.reasoner.indexing.hierarchy.IndexedObjectUnionOf - ELK does not support positive occurrences of ObjectUnionOf. Reasoning might be incomplete!
WARN main org.semanticweb.elk.reasoner.indexing.hierarchy.IndexedObjectUnionOf - ELK does not support positive occurrences of ObjectUnionOf. Reasoning might be incomplete!
WARN main org.semanticweb.elk.reasoner.indexing.hierarchy.IndexedObjectUnionOf - ELK does not support positive occurrences of ObjectUnionOf. Reasoning might be incomplete!
WARN main org.semanticweb.elk.reasoner.indexing.hierarchy.IndexedObjectUnionOf - ELK does not support positive occurrences of ObjectUnionOf. Reasoning might be incomplete!
WARN main org.semanticweb.elk.reasoner.indexing.hierarchy.IndexedObjectUnionOf - ELK does not support positive occurrences of ObjectUnionOf. Reasoning might be incomplete!
WARN main org.semanticweb.elk.reasoner.indexing.hierarchy.IndexedObjectUnionOf - ELK does not support positive occurrences of ObjectUnionOf. Reasoning might be incomplete!
WARN main org.semanticweb.elk.reasoner.indexing.hierarchy.IndexedObjectUnionOf - ELK does not support positive occurrences of ObjectUnionOf. Reasoning might be incomplete!
WARN main org.semanticweb.elk.reasoner.indexing.hierarchy.IndexedObjectUnionOf - ELK does not support positive occurrences of ObjectUnionOf. Reasoning might be incomplete!
WARN main org.semanticweb.elk.reasoner.indexing.hierarchy.IndexedObjectUnionOf - ELK does not support positive occurrences of ObjectUnionOf. Reasoning might be incomplete!
WARN main org.semanticweb.elk.reasoner.indexing.hierarchy.IndexedObjectUnionOf - ELK does not support positive occurrences of ObjectUnionOf. Reasoning might be incomplete!
WARN main org.semanticweb.elk.reasoner.indexing.hierarchy.IndexedObjectUnionOf - ELK does not support positive occurrences of ObjectUnionOf. Reasoning might be incomplete!
WARN main org.semanticweb.elk.reasoner.indexing.hierarchy.IndexedObjectUnionOf - ELK does not support positive occurrences of ObjectUnionOf. Reasoning might be incomplete!
WARN main org.semanticweb.elk.reasoner.indexing.hierarchy.IndexedObjectUnionOf - ELK does not support positive occurrences of ObjectUnionOf. Reasoning might be incomplete!
WARN main org.semanticweb.elk.reasoner.indexing.hierarchy.IndexedObjectUnionOf - ELK does not support positive occurrences of ObjectUnionOf. Reasoning might be incomplete!
WARN main org.semanticweb.elk.reasoner.indexing.hierarchy.IndexedObjectUnionOf - ELK does not support positive occurrences of ObjectUnionOf. Reasoning might be incomplete!
WARN main org.semanticweb.elk.reasoner.indexing.hierarchy.IndexedObjectUnionOf - ELK does not support positive occurrences of ObjectUnionOf. Reasoning might be incomplete!
WARN main org.semanticweb.elk.reasoner.indexing.hierarchy.IndexedObjectUnionOf - ELK does not support positive occurrences of ObjectUnionOf. Reasoning might be incomplete!
WARN main org.semanticweb.elk.reasoner.indexing.hierarchy.IndexedObjectUnionOf - ELK does not support positive occurrences of ObjectUnionOf. Reasoning might be incomplete!
WARN main org.semanticweb.elk.reasoner.indexing.hierarchy.IndexedObjectUnionOf - ELK does not support positive occurrences of ObjectUnionOf. Reasoning might be incomplete!
WARN main org.semanticweb.elk.reasoner.indexing.hierarchy.IndexedObjectUnionOf - ELK does not support positive occurrences of ObjectUnionOf. Reasoning might be incomplete!
WARN main org.semanticweb.elk.reasoner.indexing.hierarchy.IndexedObjectUnionOf - ELK does not support positive occurrences of ObjectUnionOf. Reasoning might be incomplete!
WARN main org.semanticweb.elk.reasoner.indexing.hierarchy.IndexedObjectUnionOf - ELK does not support positive occurrences of ObjectUnionOf. Reasoning might be incomplete!
WARN main org.semanticweb.elk.reasoner.indexing.hierarchy.IndexedObjectUnionOf - ELK does not support positive occurrences of ObjectUnionOf. Reasoning might be incomplete!
WARN main org.semanticweb.elk.reasoner.indexing.hierarchy.IndexedObjectUnionOf - ELK does not support positive occurrences of ObjectUnionOf. Reasoning might be incomplete!
WARN main org.semanticweb.elk.reasoner.indexing.hierarchy.IndexedObjectUnionOf - ELK does not support positive occurrences of ObjectUnionOf. Reasoning might be incomplete!
WARN main org.semanticweb.elk.reasoner.indexing.hierarchy.IndexedObjectUnionOf - ELK does not support positive occurrences of ObjectUnionOf. Reasoning might be incomplete!
WARN main org.semanticweb.elk.reasoner.indexing.hierarchy.IndexedObjectUnionOf - ELK does not support positive occurrences of ObjectUnionOf. Reasoning might be incomplete!
WARN main org.semanticweb.elk.reasoner.indexing.hierarchy.IndexedObjectUnionOf - ELK does not support positive occurrences of ObjectUnionOf. Reasoning might be incomplete!
WARN main org.semanticweb.elk.reasoner.indexing.hierarchy.IndexedObjectUnionOf - ELK does not support positive occurrences of ObjectUnionOf. Reasoning might be incomplete!
WARN main org.semanticweb.elk.reasoner.indexing.hierarchy.IndexedObjectUnionOf - ELK does not support positive occurrences of ObjectUnionOf. Reasoning might be incomplete!
WARN main org.semanticweb.elk.reasoner.indexing.hierarchy.IndexedObjectUnionOf - ELK does not support positive occurrences of ObjectUnionOf. Reasoning might be incomplete!
WARN main org.semanticweb.elk.reasoner.indexing.hierarchy.IndexedObjectUnionOf - ELK does not support positive occurrences of ObjectUnionOf. Reasoning might be incomplete!
WARN main org.semanticweb.elk.reasoner.indexing.hierarchy.IndexedObjectUnionOf - ELK does not support positive occurrences of ObjectUnionOf. Reasoning might be incomplete!
WARN main org.semanticweb.elk.reasoner.indexing.hierarchy.IndexedObjectUnionOf - ELK does not support positive occurrences of ObjectUnionOf. Reasoning might be incomplete!
WARN main org.semanticweb.elk.reasoner.indexing.hierarchy.IndexedObjectUnionOf - ELK does not support positive occurrences of ObjectUnionOf. Reasoning might be incomplete!
WARN main org.semanticweb.elk.reasoner.indexing.hierarchy.IndexedObjectUnionOf - ELK does not support positive occurrences of ObjectUnionOf. Reasoning might be incomplete!
WARN main org.semanticweb.elk.reasoner.indexing.hierarchy.IndexedObjectUnionOf - ELK does not support positive occurrences of ObjectUnionOf. Reasoning might be incomplete!
WARN main org.semanticweb.elk.reasoner.indexing.hierarchy.IndexedObjectUnionOf - ELK does not support positive occurrences of ObjectUnionOf. Reasoning might be incomplete!
WARN main org.semanticweb.elk.reasoner.indexing.hierarchy.IndexedObjectUnionOf - ELK does not support positive occurrences of ObjectUnionOf. Reasoning might be incomplete!
WARN main org.semanticweb.elk.reasoner.indexing.hierarchy.IndexedObjectUnionOf - ELK does not support positive occurrences of ObjectUnionOf. Reasoning might be incomplete!
WARN main org.semanticweb.elk.reasoner.indexing.hierarchy.IndexedObjectUnionOf - ELK does not support positive occurrences of ObjectUnionOf. Reasoning might be incomplete!
WARN main org.semanticweb.elk.reasoner.indexing.hierarchy.IndexedObjectUnionOf - ELK does not support positive occurrences of ObjectUnionOf. Reasoning might be incomplete!
WARN main org.semanticweb.elk.reasoner.indexing.hierarchy.IndexedObjectUnionOf - ELK does not support positive occurrences of ObjectUnionOf. Reasoning might be incomplete!
WARN main org.semanticweb.elk.reasoner.indexing.hierarchy.IndexedObjectUnionOf - ELK does not support positive occurrences of ObjectUnionOf. Reasoning might be incomplete!
WARN main org.semanticweb.elk.reasoner.indexing.hierarchy.IndexedObjectUnionOf - ELK does not support positive occurrences of ObjectUnionOf. Reasoning might be incomplete!
WARN main org.semanticweb.elk.reasoner.indexing.hierarchy.IndexedObjectUnionOf - ELK does not support positive occurrences of ObjectUnionOf. Reasoning might be incomplete!
WARN main org.semanticweb.elk.reasoner.indexing.hierarchy.IndexedObjectUnionOf - ELK does not support positive occurrences of ObjectUnionOf. Reasoning might be incomplete!
WARN main org.semanticweb.elk.reasoner.indexing.hierarchy.IndexedObjectUnionOf - ELK does not support positive occurrences of ObjectUnionOf. Reasoning might be incomplete!
WARN main org.semanticweb.elk.reasoner.indexing.hierarchy.IndexedObjectUnionOf - ELK does not support positive occurrences of ObjectUnionOf. Reasoning might be incomplete!
WARN main org.semanticweb.elk.reasoner.indexing.hierarchy.IndexedObjectUnionOf - ELK does not support positive occurrences of ObjectUnionOf. Reasoning might be incomplete!
WARN main org.semanticweb.elk.reasoner.indexing.hierarchy.IndexedObjectUnionOf - ELK does not support positive occurrences of ObjectUnionOf. Reasoning might be incomplete!
WARN main org.semanticweb.elk.reasoner.indexing.hierarchy.IndexedObjectUnionOf - ELK does not support positive occurrences of ObjectUnionOf. Reasoning might be incomplete!
WARN main org.semanticweb.elk.reasoner.indexing.hierarchy.IndexedObjectUnionOf - ELK does not support positive occurrences of ObjectUnionOf. Reasoning might be incomplete!
WARN main org.semanticweb.elk.reasoner.indexing.hierarchy.IndexedObjectUnionOf - ELK does not support positive occurrences of ObjectUnionOf. Reasoning might be incomplete!
WARN main org.semanticweb.elk.reasoner.indexing.hierarchy.IndexedObjectUnionOf - ELK does not support positive occurrences of ObjectUnionOf. Reasoning might be incomplete!
WARN main org.semanticweb.elk.reasoner.indexing.hierarchy.IndexedObjectUnionOf - ELK does not support positive occurrences of ObjectUnionOf. Reasoning might be incomplete!
WARN main org.semanticweb.elk.reasoner.indexing.hierarchy.IndexedObjectUnionOf - ELK does not support positive occurrences of ObjectUnionOf. Reasoning might be incomplete!
WARN main org.semanticweb.elk.reasoner.indexing.hierarchy.IndexedObjectUnionOf - ELK does not support positive occurrences of ObjectUnionOf. Reasoning might be incomplete!
WARN main org.semanticweb.elk.reasoner.indexing.hierarchy.IndexedObjectUnionOf - ELK does not support positive occurrences of ObjectUnionOf. Reasoning might be incomplete!
WARN main org.semanticweb.elk.reasoner.indexing.hierarchy.IndexedObjectUnionOf - ELK does not support positive occurrences of ObjectUnionOf. Reasoning might be incomplete!
WARN main org.semanticweb.elk.reasoner.indexing.hierarchy.IndexedObjectUnionOf - ELK does not support positive occurrences of ObjectUnionOf. Reasoning might be incomplete!
WARN main org.semanticweb.elk.reasoner.indexing.hierarchy.IndexedObjectUnionOf - ELK does not support positive occurrences of ObjectUnionOf. Reasoning might be incomplete!
WARN main org.semanticweb.elk.reasoner.indexing.hierarchy.IndexedObjectUnionOf - ELK does not support positive occurrences of ObjectUnionOf. Reasoning might be incomplete!
WARN main org.semanticweb.elk.reasoner.indexing.hierarchy.IndexedObjectUnionOf - ELK does not support positive occurrences of ObjectUnionOf. Reasoning might be incomplete!
WARN main org.semanticweb.elk.reasoner.indexing.hierarchy.IndexedObjectUnionOf - ELK does not support positive occurrences of ObjectUnionOf. Reasoning might be incomplete!
WARN main org.semanticweb.elk.reasoner.indexing.hierarchy.IndexedObjectUnionOf - ELK does not support positive occurrences of ObjectUnionOf. Reasoning might be incomplete!
WARN main org.semanticweb.elk.reasoner.indexing.hierarchy.IndexedObjectUnionOf - ELK does not support positive occurrences of ObjectUnionOf. Reasoning might be incomplete!
WARN main org.semanticweb.elk.reasoner.indexing.hierarchy.IndexedObjectUnionOf - ELK does not support positive occurrences of ObjectUnionOf. Reasoning might be incomplete!
WARN main org.semanticweb.elk.reasoner.indexing.hierarchy.IndexedObjectUnionOf - ELK does not support positive occurrences of ObjectUnionOf. Reasoning might be incomplete!
WARN main org.semanticweb.elk.reasoner.indexing.hierarchy.IndexedObjectUnionOf - ELK does not support positive occurrences of ObjectUnionOf. Reasoning might be incomplete!
WARN main org.semanticweb.elk.reasoner.indexing.hierarchy.IndexedObjectUnionOf - ELK does not support positive occurrences of ObjectUnionOf. Reasoning might be incomplete!
WARN main org.semanticweb.elk.reasoner.indexing.hierarchy.IndexedObjectUnionOf - ELK does not support positive occurrences of ObjectUnionOf. Reasoning might be incomplete!
WARN main org.semanticweb.elk.reasoner.indexing.hierarchy.IndexedObjectUnionOf - ELK does not support positive occurrences of ObjectUnionOf. Reasoning might be incomplete!
WARN main org.semanticweb.elk.reasoner.indexing.hierarchy.IndexedObjectUnionOf - ELK does not support positive occurrences of ObjectUnionOf. Reasoning might be incomplete!
WARN main org.semanticweb.elk.reasoner.indexing.hierarchy.IndexedObjectUnionOf - ELK does not support positive occurrences of ObjectUnionOf. Reasoning might be incomplete!
WARN main org.semanticweb.elk.reasoner.indexing.hierarchy.IndexedObjectUnionOf - ELK does not support positive occurrences of ObjectUnionOf. Reasoning might be incomplete!
WARN main org.semanticweb.elk.reasoner.indexing.hierarchy.IndexedObjectUnionOf - ELK does not support positive occurrences of ObjectUnionOf. Reasoning might be incomplete!
WARN main org.semanticweb.elk.reasoner.indexing.hierarchy.ChangeIndexingProcessor - ELK does not support FunctionalObjectProperty. Axiom ignored:
FunctionalObjectProperty(<http://purl.obolibrary.org/obo/BFO_0000050>)
WARN main org.semanticweb.elk.reasoner.indexing.hierarchy.IndexedObjectUnionOf - ELK does not support positive occurrences of ObjectUnionOf. Reasoning might be incomplete!
WARN main org.semanticweb.elk.reasoner.indexing.hierarchy.IndexedObjectUnionOf - ELK does not support positive occurrences of ObjectUnionOf. Reasoning might be incomplete!
WARN main org.semanticweb.elk.reasoner.indexing.hierarchy.IndexedObjectUnionOf - ELK does not support positive occurrences of ObjectUnionOf. Reasoning might be incomplete!
WARN main org.semanticweb.elk.reasoner.indexing.hierarchy.ChangeIndexingProcessor - ELK does not support ObjectPropertyRange. Axiom ignored:
ObjectPropertyRange(<http://purl.obolibrary.org/obo/RO_0002487> <http://purl.obolibrary.org/obo/BFO_0000003>)
WARN main org.semanticweb.elk.reasoner.indexing.hierarchy.ChangeIndexingProcessor - ELK does not support ObjectPropertyRange. Axiom ignored:
ObjectPropertyRange(<http://purl.obolibrary.org/obo/RO_0003000> <http://purl.obolibrary.org/obo/BFO_0000040>)
WARN main org.semanticweb.elk.reasoner.indexing.hierarchy.ChangeIndexingProcessor - ELK does not support InverseObjectProperties. Axiom ignored:
InverseObjectProperties(<http://purl.obolibrary.org/obo/RO_0000056> <http://purl.obolibrary.org/obo/RO_0000057>)
WARN main org.semanticweb.elk.reasoner.indexing.hierarchy.ChangeIndexingProcessor - ELK does not support ObjectPropertyRange. Axiom ignored:
ObjectPropertyRange(<http://purl.obolibrary.org/obo/BFO_0000062> <http://purl.obolibrary.org/obo/BFO_0000003>)
WARN main org.semanticweb.elk.reasoner.indexing.hierarchy.ChangeIndexingProcessor - ELK does not support ObjectAllValuesFrom. Axiom ignored:
SubClassOf(<http://purl.obolibrary.org/obo/CARO_0010000> ObjectAllValuesFrom(<http://purl.obolibrary.org/obo/RO_0002207> <http://purl.obolibrary.org/obo/CARO_0010000>))
WARN main org.semanticweb.elk.reasoner.indexing.hierarchy.ChangeIndexingProcessor - ELK does not support ObjectInverseOf. Axiom ignored:
SubObjectPropertyOf(<http://purl.obolibrary.org/obo/RO_0002333> ObjectInverseOf(<http://purl.obolibrary.org/obo/RO_0002215>))
WARN main org.semanticweb.elk.reasoner.indexing.hierarchy.ChangeIndexingProcessor - ELK does not support InverseObjectProperties. Axiom ignored:
InverseObjectProperties(<http://purl.obolibrary.org/obo/RO_0002418> <http://purl.obolibrary.org/obo/RO_0002427>)
WARN main org.semanticweb.elk.reasoner.indexing.hierarchy.ChangeIndexingProcessor - ELK does not support InverseObjectProperties. Axiom ignored:
InverseObjectProperties(<http://purl.obolibrary.org/obo/RO_0000052> <http://purl.obolibrary.org/obo/RO_0000053>)
WARN main org.semanticweb.elk.reasoner.indexing.hierarchy.ChangeIndexingProcessor - ELK does not support InverseObjectProperties. Axiom ignored:
InverseObjectProperties(<http://purl.obolibrary.org/obo/RO_0002211> <http://purl.obolibrary.org/obo/RO_0002334>)
WARN main org.semanticweb.elk.reasoner.indexing.hierarchy.ChangeIndexingProcessor - ELK does not support InverseObjectProperties. Axiom ignored:
InverseObjectProperties(<http://purl.obolibrary.org/obo/RO_0002327> <http://purl.obolibrary.org/obo/RO_0002333>)
WARN main org.semanticweb.elk.reasoner.indexing.hierarchy.ChangeIndexingProcessor - ELK does not support ObjectPropertyRange. Axiom ignored:
ObjectPropertyRange(<http://purl.obolibrary.org/obo/RO_0002258> <http://purl.obolibrary.org/obo/BFO_0000002>)
WARN main org.semanticweb.elk.reasoner.indexing.hierarchy.ChangeIndexingProcessor - ELK does not support ObjectAllValuesFrom. Axiom ignored:
SubClassOf(<http://purl.obolibrary.org/obo/CL_0000000> ObjectAllValuesFrom(<http://purl.obolibrary.org/obo/RO_0002207> <http://purl.obolibrary.org/obo/CL_0000000>))
WARN main org.semanticweb.elk.reasoner.indexing.hierarchy.ChangeIndexingProcessor - ELK does not support ObjectPropertyRange. Axiom ignored:
ObjectPropertyRange(<http://purl.obolibrary.org/obo/RO_0002425> ObjectUnionOf(<http://purl.obolibrary.org/obo/BFO_0000004> <http://purl.obolibrary.org/obo/BFO_0000015>))
WARN main org.semanticweb.elk.reasoner.indexing.hierarchy.ChangeIndexingProcessor - ELK does not support InverseObjectProperties. Axiom ignored:
InverseObjectProperties(<http://purl.obolibrary.org/obo/RO_0002207> <http://purl.obolibrary.org/obo/RO_0002210>)
WARN main org.semanticweb.elk.reasoner.indexing.hierarchy.ChangeIndexingProcessor - ELK does not support InverseObjectProperties. Axiom ignored:
InverseObjectProperties(<http://purl.obolibrary.org/obo/RO_0002500> <http://purl.obolibrary.org/obo/RO_0002608>)
WARN main org.semanticweb.elk.reasoner.indexing.hierarchy.ChangeIndexingProcessor - ELK does not support InverseObjectProperties. Axiom ignored:
InverseObjectProperties(<http://purl.obolibrary.org/obo/RO_0002213> <http://purl.obolibrary.org/obo/RO_0002336>)
WARN main org.semanticweb.elk.reasoner.indexing.hierarchy.ChangeIndexingProcessor - ELK does not support InverseObjectProperties. Axiom ignored:
InverseObjectProperties(<http://purl.obolibrary.org/obo/RO_0002254> <http://purl.obolibrary.org/obo/RO_0002255>)
WARN main org.semanticweb.elk.reasoner.indexing.hierarchy.ChangeIndexingProcessor - ELK does not support InverseObjectProperties. Axiom ignored:
InverseObjectProperties(<http://purl.obolibrary.org/obo/RO_0002212> <http://purl.obolibrary.org/obo/RO_0002335>)
WARN main org.semanticweb.elk.reasoner.indexing.hierarchy.ChangeIndexingProcessor - ELK does not support ObjectPropertyRange. Axiom ignored:
ObjectPropertyRange(<http://purl.obolibrary.org/obo/RO_0002211> <http://purl.obolibrary.org/obo/BFO_0000015>)
WARN main org.semanticweb.elk.reasoner.indexing.hierarchy.ChangeIndexingProcessor - ELK does not support ObjectPropertyRange. Axiom ignored:
ObjectPropertyRange(<http://purl.obolibrary.org/obo/RO_0002479> <http://purl.obolibrary.org/obo/BFO_0000004>)
WARN main org.semanticweb.elk.reasoner.indexing.hierarchy.ChangeIndexingProcessor - ELK does not support InverseObjectProperties. Axiom ignored:
InverseObjectProperties(<http://purl.obolibrary.org/obo/RO_0002023> <http://purl.obolibrary.org/obo/RO_0002630>)
WARN main org.semanticweb.elk.reasoner.indexing.hierarchy.ChangeIndexingProcessor - ELK does not support InverseObjectProperties. Axiom ignored:
InverseObjectProperties(<http://purl.obolibrary.org/obo/RO_0002022> <http://purl.obolibrary.org/obo/RO_0002578>)
WARN main org.semanticweb.elk.reasoner.indexing.hierarchy.ChangeIndexingProcessor - ELK does not support InverseObjectProperties. Axiom ignored:
InverseObjectProperties(<http://purl.obolibrary.org/obo/RO_0002258> <http://purl.obolibrary.org/obo/RO_0002286>)
WARN main org.semanticweb.elk.reasoner.indexing.hierarchy.ChangeIndexingProcessor - ELK does not support ObjectPropertyRange. Axiom ignored:
ObjectPropertyRange(<http://purl.obolibrary.org/obo/RO_0002222> <http://purl.obolibrary.org/obo/BFO_0000003>)
WARN main org.semanticweb.elk.reasoner.indexing.hierarchy.ChangeIndexingProcessor - ELK does not support ObjectHasSelf. Axiom ignored:
SubClassOf(<http://purl.obolibrary.org/obo/GO_0044403> ObjectHasSelf(<http://purl.obolibrary.org/obo/RO_0002465>))
WARN main org.semanticweb.elk.reasoner.indexing.hierarchy.ChangeIndexingProcessor - ELK does not support ObjectPropertyRange. Axiom ignored:
ObjectPropertyRange(<http://purl.obolibrary.org/obo/RO_0002434> <http://purl.obolibrary.org/obo/BFO_0000040>)
WARN main org.semanticweb.elk.reasoner.indexing.hierarchy.ChangeIndexingProcessor - ELK does not support InverseObjectProperties. Axiom ignored:
InverseObjectProperties(<http://purl.obolibrary.org/obo/BFO_0000050> <http://purl.obolibrary.org/obo/BFO_0000051>)
WARN main org.semanticweb.elk.reasoner.indexing.hierarchy.ChangeIndexingProcessor - ELK does not support InverseObjectProperties. Axiom ignored:
InverseObjectProperties(<http://purl.obolibrary.org/obo/RO_0002559> <http://purl.obolibrary.org/obo/RO_0002566>)
WARN main org.semanticweb.elk.reasoner.indexing.hierarchy.ChangeIndexingProcessor - ELK does not support ObjectPropertyRange. Axiom ignored:
ObjectPropertyRange(<http://purl.obolibrary.org/obo/RO_0000057> <http://purl.obolibrary.org/obo/BFO_0000002>)
WARN main org.semanticweb.elk.reasoner.indexing.hierarchy.ChangeIndexingProcessor - ELK does not support ObjectPropertyRange. Axiom ignored:
ObjectPropertyRange(<http://purl.obolibrary.org/obo/RO_0002501> <http://purl.obolibrary.org/obo/BFO_0000003>)
WARN main org.semanticweb.elk.reasoner.indexing.hierarchy.ChangeIndexingProcessor - ELK does not support ObjectPropertyRange. Axiom ignored:
ObjectPropertyRange(<http://purl.obolibrary.org/obo/RO_0002334> <http://purl.obolibrary.org/obo/BFO_0000015>)
WARN main org.semanticweb.elk.reasoner.indexing.hierarchy.ChangeIndexingProcessor - ELK does not support InverseObjectProperties. Axiom ignored:
InverseObjectProperties(<http://purl.obolibrary.org/obo/BFO_0000066> <http://purl.obolibrary.org/obo/BFO_0000067>)
WARN main org.semanticweb.elk.reasoner.indexing.hierarchy.ChangeIndexingProcessor - ELK does not support ObjectPropertyRange. Axiom ignored:
ObjectPropertyRange(<http://purl.obolibrary.org/obo/BFO_0000063> <http://purl.obolibrary.org/obo/BFO_0000003>)
WARN main org.semanticweb.elk.reasoner.indexing.hierarchy.ChangeIndexingProcessor - ELK does not support FunctionalObjectProperty. Axiom ignored:
FunctionalObjectProperty(<http://purl.obolibrary.org/obo/RO_0002025>)
WARN main org.semanticweb.elk.reasoner.indexing.hierarchy.ChangeIndexingProcessor - ELK does not support InverseObjectProperties. Axiom ignored:
InverseObjectProperties(<http://purl.obolibrary.org/obo/RO_0002233> <http://purl.obolibrary.org/obo/RO_0002352>)
WARN main org.semanticweb.elk.reasoner.indexing.hierarchy.ChangeIndexingProcessor - ELK does not support ObjectPropertyRange. Axiom ignored:
ObjectPropertyRange(<http://purl.obolibrary.org/obo/RO_0002215> <http://purl.obolibrary.org/obo/BFO_0000015>)
WARN main org.semanticweb.elk.reasoner.indexing.hierarchy.ChangeIndexingProcessor - ELK does not support ObjectPropertyRange. Axiom ignored:
ObjectPropertyRange(<http://purl.obolibrary.org/obo/RO_0002207> ObjectUnionOf(<http://purl.obolibrary.org/obo/CARO_0010000> <http://purl.obolibrary.org/obo/CL_0000000>))
WARN main org.semanticweb.elk.reasoner.indexing.hierarchy.ChangeIndexingProcessor - ELK does not support InverseObjectProperties. Axiom ignored:
InverseObjectProperties(<http://purl.obolibrary.org/obo/RO_0003000> <http://purl.obolibrary.org/obo/RO_0003001>)
WARN main org.semanticweb.elk.reasoner.indexing.hierarchy.ChangeIndexingProcessor - ELK does not support ObjectPropertyRange. Axiom ignored:
ObjectPropertyRange(<http://purl.obolibrary.org/obo/BFO_0000066> <http://purl.obolibrary.org/obo/BFO_0000004>)
WARN main org.semanticweb.elk.reasoner.indexing.hierarchy.ChangeIndexingProcessor - ELK does not support SymmetricObjectProperty. Axiom ignored:
SymmetricObjectProperty(<http://purl.obolibrary.org/obo/RO_0002434>)
WARN main org.semanticweb.elk.reasoner.indexing.hierarchy.ChangeIndexingProcessor - ELK does not support InverseObjectProperties. Axiom ignored:
InverseObjectProperties(<http://purl.obolibrary.org/obo/BFO_0000062> <http://purl.obolibrary.org/obo/BFO_0000063>)
WARN main org.semanticweb.elk.reasoner.indexing.hierarchy.ChangeIndexingProcessor - ELK does not support ObjectPropertyRange. Axiom ignored:
ObjectPropertyRange(<http://purl.obolibrary.org/obo/RO_0002595> <http://purl.obolibrary.org/obo/BFO_0000015>)
WARN main org.semanticweb.elk.reasoner.indexing.hierarchy.ChangeIndexingProcessor - ELK does not support SymmetricObjectProperty. Axiom ignored:
SymmetricObjectProperty(<http://purl.obolibrary.org/obo/RO_0002436>)
WARN main org.semanticweb.elk.reasoner.indexing.hierarchy.ChangeIndexingProcessor - ELK does not support ObjectPropertyRange. Axiom ignored:
ObjectPropertyRange(<http://purl.obolibrary.org/obo/RO_0002254> <http://purl.obolibrary.org/obo/CARO_0000003>)
WARN main org.semanticweb.elk.reasoner.indexing.hierarchy.IndexedObjectUnionOf - ELK does not support positive occurrences of ObjectUnionOf. Reasoning might be incomplete!
WARN main org.semanticweb.elk.reasoner.indexing.hierarchy.ChangeIndexingProcessor - ELK does not support InverseObjectProperties. Axiom ignored:
InverseObjectProperties(<http://purl.obolibrary.org/obo/RO_0002087> <http://purl.obolibrary.org/obo/RO_0002090>)
WARN main org.semanticweb.elk.reasoner.indexing.hierarchy.ChangeIndexingProcessor - ELK does not support InverseObjectProperties. Axiom ignored:
InverseObjectProperties(<http://purl.obolibrary.org/obo/RO_0002024> <http://purl.obolibrary.org/obo/RO_0002629>)
WARN main org.semanticweb.elk.reasoner.indexing.hierarchy.ChangeIndexingProcessor - ELK does not support ObjectHasSelf. Axiom ignored:
SubClassOf(<http://purl.obolibrary.org/obo/GO_0016301> ObjectHasSelf(<http://purl.obolibrary.org/obo/RO_0002481>))
WARN main org.semanticweb.elk.reasoner.indexing.hierarchy.IndexedObjectUnionOf - ELK does not support positive occurrences of ObjectUnionOf. Reasoning might be incomplete!
WARN main org.semanticweb.elk.reasoner.indexing.hierarchy.ChangeIndexingProcessor - ELK does not support ObjectPropertyRange. Axiom ignored:
ObjectPropertyRange(<http://purl.obolibrary.org/obo/RO_0000056> <http://purl.obolibrary.org/obo/BFO_0000003>)
WARN main org.semanticweb.elk.reasoner.indexing.hierarchy.ChangeIndexingProcessor - ELK does not support ObjectPropertyRange. Axiom ignored:
ObjectPropertyRange(<http://purl.obolibrary.org/obo/RO_0002506> <http://purl.obolibrary.org/obo/BFO_0000040>)
WARN main org.semanticweb.elk.reasoner.indexing.hierarchy.ChangeIndexingProcessor - ELK does not support InverseObjectProperties. Axiom ignored:
InverseObjectProperties(<http://purl.obolibrary.org/obo/RO_0002202> <http://purl.obolibrary.org/obo/RO_0002203>)
WARN main org.semanticweb.elk.reasoner.indexing.hierarchy.ChangeIndexingProcessor - ELK does not support ObjectPropertyRange. Axiom ignored:
ObjectPropertyRange(<http://purl.obolibrary.org/obo/RO_0000053> <http://purl.obolibrary.org/obo/BFO_0000020>)
WARN main org.semanticweb.elk.reasoner.indexing.hierarchy.ChangeIndexingProcessor - ELK does not support ObjectPropertyRange. Axiom ignored:
ObjectPropertyRange(<http://purl.obolibrary.org/obo/RO_0002162> <http://purl.obolibrary.org/obo/BFO_0000004>)
WARN main org.semanticweb.elk.reasoner.indexing.hierarchy.ChangeIndexingProcessor - ELK does not support InverseObjectProperties. Axiom ignored:
InverseObjectProperties(<http://purl.obolibrary.org/obo/RO_0002405> <http://purl.obolibrary.org/obo/RO_0002412>)
WARN main org.semanticweb.elk.reasoner.indexing.hierarchy.ChangeIndexingProcessor - ELK does not support ObjectPropertyRange. Axiom ignored:
ObjectPropertyRange(<http://purl.obolibrary.org/obo/RO_0002426> <http://purl.obolibrary.org/obo/BFO_0000020>)
WARN main org.semanticweb.elk.reasoner.indexing.hierarchy.ChangeIndexingProcessor - ELK does not support ObjectPropertyRange. Axiom ignored:
ObjectPropertyRange(<http://purl.obolibrary.org/obo/RO_0003001> <http://purl.obolibrary.org/obo/BFO_0000040>)
WARN main org.semanticweb.elk.reasoner.indexing.hierarchy.ChangeIndexingProcessor - ELK does not support ObjectPropertyRange. Axiom ignored:
ObjectPropertyRange(<http://purl.obolibrary.org/obo/RO_0002233> <http://purl.obolibrary.org/obo/BFO_0000040>)
WARN main org.semanticweb.elk.reasoner.indexing.hierarchy.ChangeIndexingProcessor - ELK does not support ObjectPropertyRange. Axiom ignored:
ObjectPropertyRange(<http://purl.obolibrary.org/obo/RO_0002202> <http://purl.obolibrary.org/obo/BFO_0000004>)
WARN main org.semanticweb.elk.reasoner.indexing.hierarchy.ChangeIndexingProcessor - ELK does not support InverseObjectProperties. Axiom ignored:
InverseObjectProperties(<http://purl.obolibrary.org/obo/RO_0002404> <http://purl.obolibrary.org/obo/RO_0002411>)
INFO main org.semanticweb.elk.reasoner.stages.LoggingStageExecutor - Loading of Axioms started
INFO main org.semanticweb.elk.reasoner.stages.AbstractReasonerStage - Loading of Axioms using 4 workers
INFO main org.semanticweb.elk.reasoner.stages.LoggingStageExecutor - Loading of Axioms finished in 0 ms
INFO main org.semanticweb.elk.reasoner.stages.LoggingStageExecutor - Property Saturation Initialization started
INFO main org.semanticweb.elk.reasoner.stages.AbstractReasonerStage - Property Saturation Initialization using 4 workers
INFO main org.semanticweb.elk.reasoner.stages.LoggingStageExecutor - Property Saturation Initialization finished in 0 ms
INFO main org.semanticweb.elk.reasoner.stages.LoggingStageExecutor - Reflexive Property Computation started
INFO main org.semanticweb.elk.reasoner.stages.AbstractReasonerStage - Reflexive Property Computation using 4 workers
INFO main org.semanticweb.elk.reasoner.stages.LoggingStageExecutor - Reflexive Property Computation finished in 5 ms
INFO main org.semanticweb.elk.reasoner.stages.LoggingStageExecutor - Object Property Hierarchy and Composition Computation started
INFO main org.semanticweb.elk.reasoner.stages.AbstractReasonerStage - Object Property Hierarchy and Composition Computation using 4 workers
INFO main org.semanticweb.elk.reasoner.stages.LoggingStageExecutor - Object Property Hierarchy and Composition Computation finished in 16 ms
INFO main org.semanticweb.elk.reasoner.stages.LoggingStageExecutor - Context Initialization started
INFO main org.semanticweb.elk.reasoner.stages.AbstractReasonerStage - Context Initialization using 4 workers
INFO main org.semanticweb.elk.reasoner.stages.LoggingStageExecutor - Context Initialization finished in 1 ms
INFO main org.semanticweb.elk.reasoner.stages.LoggingStageExecutor - Consistency Checking started
INFO main org.semanticweb.elk.reasoner.stages.AbstractReasonerStage - Consistency Checking using 4 workers
INFO main org.semanticweb.elk.reasoner.stages.LoggingStageExecutor - Consistency Checking finished in 27 ms
INFO main org.semanticweb.elk.reasoner.stages.LoggingStageExecutor - Class Taxonomy Computation started
INFO main org.semanticweb.elk.reasoner.stages.AbstractReasonerStage - Class Taxonomy Computation using 4 workers
INFO main org.semanticweb.elk.reasoner.stages.LoggingStageExecutor - Class Taxonomy Computation finished in 2254 ms
